{
  "0 debug pnpm:scope": {
    "selected": 1
  },
  "1 error pnpm": {
    "code": "ELIFECYCLE",
    "errno": "ENOENT",
    "syscall": "spawn",
    "file": "sh",
    "pkgid": "sj8-counter@0.0.1",
    "stage": "lint",
    "script": "prettier --ignore-path .gitignore --check --plugin-search-dir=. . && eslint --ignore-path .gitignore .",
    "pkgname": "sj8-counter",
    "err": {
      "name": "pnpm",
      "message": "sj8-counter@0.0.1 lint: `prettier --ignore-path .gitignore --check --plugin-search-dir=. . && eslint --ignore-path .gitignore .`\nspawn ENOENT",
      "code": "ELIFECYCLE",
      "stack": "pnpm: sj8-counter@0.0.1 lint: `prettier --ignore-path .gitignore --check --plugin-search-dir=. . && eslint --ignore-path .gitignore .`\nspawn ENOENT\n    at ChildProcess.<anonymous> (/snapshot/dist/pnpm.cjs)\n    at ChildProcess.emit (events.js:376:20)\n    at maybeClose (internal/child_process.js:1055:16)\n    at Process.ChildProcess._handle.onexit (internal/child_process.js:288:5)"
    }
  },
  "2 warn pnpm:global": " Local package.json exists, but node_modules missing, did you mean to install?"
}